==========================================================================================
Information: 
Exchange parameters generated by TB2J 0.9.12.13
Generation time: 26/05/11 14:54:04
 Input from non-collinear Wannier90 data.
Tight binding data from ./.
Prefix of wannier function files:crsise3.
Warning: Please check if the noise level of Wannier function Hamiltonian to make sure it is much smaller than the exchange values.
The DMI component parallel to the spin orientation, the Jani which has the component of that orientation should be disregarded
e.g. if the spins are along z, the xz, yz, zz, zx, zy components and the z component of DMI.
If you need these component, try to do three calculations with spin along x, y, z,  or use structure with z rotated to x, y and z. And then use TB2J_merge.py to get the full set of parameters.

==========================================================================================
Cell (Angstrom):
6.59576957  -0.00000015  0.00000000
-3.29788491  5.71210508  0.00000000
0.00000000  0.00000000  25.00000000

==========================================================================================
Atoms:  
(Note: charge and magmoms only count the wannier functions.)
Atom_number        x             y             z       w_charge    M(x)      M(y)      M(z)   
Cr1             0.00000087   -0.00000058   12.49998279    4.3647   -0.0005   -0.0000    3.8538
Cr2             3.29788509    1.90403439   12.50001401    4.3646   -0.0004    0.0000    3.8530
Si1             0.00000027    3.80807044   11.37551681    2.0311   -0.0035    0.0097    0.0280
Si2             0.00000115    3.80806913   13.62448646    2.0356   -0.0015   -0.0075    0.0281
Se1             1.14382681    1.82758118   10.87100212    4.5369   -0.0023    0.0040   -0.2889
Se2             2.28706935    3.80776873   14.12899738    4.5312    0.0073    0.0001   -0.2961
Se3             4.30870261    3.80773117   10.87100324    4.5371    0.0055    0.0011   -0.2890
Se4             4.44112560    0.07679261   10.87100133    4.5369   -0.0022   -0.0056   -0.2887
Se5             5.45197641    1.82756016   14.12899862    4.5310   -0.0010   -0.0063   -0.2959
Se6             2.15461144    0.07677347   14.12899723    4.5310   -0.0055    0.0053   -0.2957
Total                                                    40.0000   -0.0041    0.0009    6.0087

==========================================================================================
Exchange: 
    i      j          R        J_iso(meV)          vector          distance(A) 
----------------------------------------------------------------------------------------
   Cr1   Cr2   (  0,   0,   0)  4.8537   ( 3.298,  1.904,  0.000)  3.808 
J_iso:  4.8537 
[Testing!] DMI: ( 0.0050 -0.0069  0.0041)
[Testing!]J_ani:
[[ 0.025  0.093 -0.001]
 [ 0.093 -0.085 -0.002]
 [-0.001 -0.002  0.06 ]]
----------------------------------------------------------------------------------------
   Cr2   Cr1   (  0,   0,   0)  4.8537   (-3.298, -1.904, -0.000)  3.808 
J_iso:  4.8537 
[Testing!] DMI: (-0.0050  0.0069 -0.0041)
[Testing!]J_ani:
[[ 0.025  0.093 -0.001]
 [ 0.093 -0.085 -0.002]
 [-0.001 -0.002  0.06 ]]
----------------------------------------------------------------------------------------
   Cr1   Cr2   ( -1,  -1,   0)  4.7598   (-0.000, -3.808,  0.000)  3.808 
J_iso:  4.7598 
[Testing!] DMI: ( 0.0036 -0.0042  0.0076)
[Testing!]J_ani:
[[-0.14  -0.    -0.007]
 [-0.     0.079 -0.   ]
 [-0.007 -0.     0.061]]
----------------------------------------------------------------------------------------
   Cr2   Cr1   (  1,   1,   0)  4.7598   ( 0.000,  3.808, -0.000)  3.808 
J_iso:  4.7598 
[Testing!] DMI: (-0.0036  0.0042 -0.0076)
[Testing!]J_ani:
[[-0.14  -0.    -0.007]
 [-0.     0.079 -0.   ]
 [-0.007 -0.     0.061]]
----------------------------------------------------------------------------------------
   Cr1   Cr2   ( -1,   0,   0)  4.8539   (-3.298,  1.904,  0.000)  3.808 
J_iso:  4.8539 
[Testing!] DMI: ( 0.0027  0.0047 -0.0007)
[Testing!]J_ani:
[[ 0.024 -0.093 -0.001]
 [-0.093 -0.085  0.004]
 [-0.001  0.004  0.061]]
----------------------------------------------------------------------------------------
   Cr2   Cr1   (  1,   0,   0)  4.8539   ( 3.298, -1.904, -0.000)  3.808 
J_iso:  4.8539 
[Testing!] DMI: (-0.0027 -0.0047  0.0007)
[Testing!]J_ani:
[[ 0.024 -0.093 -0.001]
 [-0.093 -0.085  0.004]
 [-0.001  0.004  0.061]]
----------------------------------------------------------------------------------------
   Cr1   Cr1   ( -1,   0,   0)  0.3011   (-6.596,  0.000,  0.000)  6.596 
J_iso:  0.3011 
[Testing!] DMI: (-0.0334  0.0004 -0.0142)
[Testing!]J_ani:
[[ 0.009 -0.    -0.006]
 [-0.    -0.    -0.   ]
 [-0.006 -0.    -0.008]]
----------------------------------------------------------------------------------------
   Cr2   Cr2   ( -1,   0,   0)  0.3026   (-6.596,  0.000,  0.000)  6.596 
J_iso:  0.3026 
[Testing!] DMI: ( 0.0340  0.0007  0.0137)
[Testing!]J_ani:
[[ 0.008 -0.    -0.006]
 [-0.    -0.     0.   ]
 [-0.006  0.    -0.008]]
----------------------------------------------------------------------------------------
   Cr1   Cr1   (  1,   0,   0)  0.3011   ( 6.596, -0.000,  0.000)  6.596 
J_iso:  0.3011 
[Testing!] DMI: ( 0.0334 -0.0004  0.0142)
[Testing!]J_ani:
[[ 0.009 -0.    -0.006]
 [-0.    -0.    -0.   ]
 [-0.006 -0.    -0.008]]
----------------------------------------------------------------------------------------
   Cr2   Cr2   (  1,   0,   0)  0.3026   ( 6.596, -0.000,  0.000)  6.596 
J_iso:  0.3026 
[Testing!] DMI: (-0.0340 -0.0007 -0.0137)
[Testing!]J_ani:
[[ 0.008 -0.    -0.006]
 [-0.    -0.     0.   ]
 [-0.006  0.    -0.008]]
----------------------------------------------------------------------------------------
   Cr2   Cr2   (  1,   1,   0)  0.2932   ( 3.298,  5.712,  0.000)  6.596 
J_iso:  0.2932 
[Testing!] DMI: (-0.0185 -0.0210  0.0034)
[Testing!]J_ani:
[[ 0.002  0.003  0.003]
 [ 0.003  0.006  0.003]
 [ 0.003  0.003 -0.008]]
----------------------------------------------------------------------------------------
   Cr1   Cr1   ( -1,  -1,   0)  0.2892   (-3.298, -5.712,  0.000)  6.596 
J_iso:  0.2892 
[Testing!] DMI: (-0.0132 -0.0235  0.0039)
[Testing!]J_ani:
[[ 0.002  0.003  0.003]
 [ 0.003  0.006  0.004]
 [ 0.003  0.004 -0.008]]
----------------------------------------------------------------------------------------
   Cr2   Cr2   ( -1,  -1,   0)  0.2932   (-3.298, -5.712,  0.000)  6.596 
J_iso:  0.2932 
[Testing!] DMI: ( 0.0185  0.0210 -0.0034)
[Testing!]J_ani:
[[ 0.002  0.003  0.003]
 [ 0.003  0.006  0.003]
 [ 0.003  0.003 -0.008]]
----------------------------------------------------------------------------------------
   Cr1   Cr1   (  1,   1,   0)  0.2892   ( 3.298,  5.712,  0.000)  6.596 
J_iso:  0.2892 
[Testing!] DMI: ( 0.0132  0.0235 -0.0039)
[Testing!]J_ani:
[[ 0.002  0.003  0.003]
 [ 0.003  0.006  0.004]
 [ 0.003  0.004 -0.008]]
----------------------------------------------------------------------------------------
   Cr2   Cr2   (  0,  -1,   0)  0.2905   ( 3.298, -5.712,  0.000)  6.596 
J_iso:  0.2905 
[Testing!] DMI: (-0.0148  0.0215  0.0031)
[Testing!]J_ani:
[[ 0.002 -0.003  0.003]
 [-0.003  0.006 -0.004]
 [ 0.003 -0.004 -0.008]]
----------------------------------------------------------------------------------------
   Cr1   Cr1   (  0,  -1,   0)  0.2920   ( 3.298, -5.712,  0.000)  6.596 
J_iso:  0.2920 
[Testing!] DMI: ( 0.0192 -0.0223 -0.0052)
[Testing!]J_ani:
[[ 0.002 -0.004  0.003]
 [-0.004  0.006 -0.004]
 [ 0.003 -0.004 -0.008]]
----------------------------------------------------------------------------------------
   Cr1   Cr1   (  0,   1,   0)  0.2920   (-3.298,  5.712,  0.000)  6.596 
J_iso:  0.2920 
[Testing!] DMI: (-0.0192  0.0223  0.0052)
[Testing!]J_ani:
[[ 0.002 -0.004  0.003]
 [-0.004  0.006 -0.004]
 [ 0.003 -0.004 -0.008]]
----------------------------------------------------------------------------------------
   Cr2   Cr2   (  0,   1,   0)  0.2905   (-3.298,  5.712,  0.000)  6.596 
J_iso:  0.2905 
[Testing!] DMI: ( 0.0148 -0.0215 -0.0031)
[Testing!]J_ani:
[[ 0.002 -0.003  0.003]
 [-0.003  0.006 -0.004]
 [ 0.003 -0.004 -0.008]]
----------------------------------------------------------------------------------------
   Cr1   Cr2   (  0,  -1,   0) -1.1117   ( 6.596, -3.808,  0.000)  7.616 
J_iso: -1.1117 
[Testing!] DMI: ( 0.0069  0.0111 -0.0055)
[Testing!]J_ani:
[[ 0.016 -0.025  0.012]
 [-0.025 -0.015  0.024]
 [ 0.012  0.024 -0.001]]
----------------------------------------------------------------------------------------
   Cr2   Cr1   (  0,   1,   0) -1.1117   (-6.596,  3.808, -0.000)  7.616 
J_iso: -1.1117 
[Testing!] DMI: (-0.0069 -0.0111  0.0055)
[Testing!]J_ani:
[[ 0.016 -0.025  0.012]
 [-0.025 -0.015  0.024]
 [ 0.012  0.024 -0.001]]
----------------------------------------------------------------------------------------
   Cr1   Cr2   ( -2,  -1,   0) -1.1117   (-6.596, -3.808,  0.000)  7.616 
J_iso: -1.1117 
[Testing!] DMI: ( 0.0106 -0.0104 -0.0045)
[Testing!]J_ani:
[[ 0.016  0.025  0.013]
 [ 0.025 -0.015 -0.024]
 [ 0.013 -0.024 -0.002]]
----------------------------------------------------------------------------------------
   Cr2   Cr1   (  2,   1,   0) -1.1117   ( 6.596,  3.808, -0.000)  7.616 
J_iso: -1.1117 
[Testing!] DMI: (-0.0106  0.0104  0.0045)
[Testing!]J_ani:
[[ 0.016  0.025  0.013]
 [ 0.025 -0.015 -0.024]
 [ 0.013 -0.024 -0.002]]
----------------------------------------------------------------------------------------
   Cr2   Cr1   (  0,  -1,   0) -1.1931   ( 0.000, -7.616, -0.000)  7.616 
J_iso: -1.1931 
[Testing!] DMI: ( 0.0120 -0.0028  0.0035)
[Testing!]J_ani:
[[-0.035  0.    -0.032]
 [ 0.     0.034  0.   ]
 [-0.032  0.     0.001]]
----------------------------------------------------------------------------------------
   Cr1   Cr2   (  0,   1,   0) -1.1931   (-0.000,  7.616,  0.000)  7.616 
J_iso: -1.1931 
[Testing!] DMI: (-0.0120  0.0028 -0.0035)
[Testing!]J_ani:
[[-0.035  0.    -0.032]
 [ 0.     0.034  0.   ]
 [-0.032  0.     0.001]]
