==========================================================================================
Information: 
Exchange parameters generated by TB2J 0.9.12.13
Generation time: 26/05/11 14:54:37
 Input from non-collinear Wannier90 data.
Tight binding data from ./.
Prefix of wannier function files:crsise3.
Warning: Please check if the noise level of Wannier function Hamiltonian to make sure it is much smaller than the exchange values.
The DMI component parallel to the spin orientation, the Jani which has the component of that orientation should be disregarded
e.g. if the spins are along z, the xz, yz, zz, zx, zy components and the z component of DMI.
If you need these component, try to do three calculations with spin along x, y, z,  or use structure with z rotated to x, y and z. And then use TB2J_merge.py to get the full set of parameters.

==========================================================================================
Cell (Angstrom):
6.59576957  -0.00000015  0.00000000
-3.29788491  5.71210508  0.00000000
0.00000000  0.00000000  25.00000000

==========================================================================================
Atoms:  
(Note: charge and magmoms only count the wannier functions.)
Atom_number        x             y             z       w_charge    M(x)      M(y)      M(z)   
Cr1             0.00000087   -0.00000058   12.49998279    4.3656   -0.0012   -0.0003    3.8548
Cr2             3.29788509    1.90403439   12.50001401    4.3657   -0.0001   -0.0024    3.8542
Si1             0.00000027    3.80807044   11.37551681    2.0278   -0.0036    0.0097    0.0048
Si2             0.00000115    3.80806913   13.62448646    2.0349   -0.0191   -0.0178    0.0057
Se1             1.14382681    1.82758118   10.87100212    4.5407    0.0063   -0.0124   -0.2916
Se2             2.28706935    3.80776873   14.12899738    4.5280   -0.0075    0.0007   -0.3116
Se3             4.30870261    3.80773117   10.87100324    4.5405   -0.0094   -0.0035   -0.2937
Se4             4.44112560    0.07679261   10.87100133    4.5409    0.0087    0.0100   -0.2943
Se5             5.45197641    1.82756016   14.12899862    4.5283    0.0082    0.0134   -0.3116
Se6             2.15461144    0.07677347   14.12899723    4.5277    0.0050   -0.0116   -0.3119
Total                                                    40.0000   -0.0127   -0.0144    5.9050

==========================================================================================
Exchange: 
    i      j          R        J_iso(meV)          vector          distance(A) 
----------------------------------------------------------------------------------------
   Cr1   Cr2   (  0,   0,   0)  5.1718   ( 3.298,  1.904,  0.000)  3.808 
J_iso:  5.1718 
[Testing!] DMI: (-0.0033 -0.0256  0.0053)
[Testing!]J_ani:
[[ 0.016  0.095  0.   ]
 [ 0.095 -0.079  0.   ]
 [ 0.     0.     0.063]]
----------------------------------------------------------------------------------------
   Cr2   Cr1   (  0,   0,   0)  5.1718   (-3.298, -1.904, -0.000)  3.808 
J_iso:  5.1718 
[Testing!] DMI: ( 0.0033  0.0256 -0.0053)
[Testing!]J_ani:
[[ 0.016  0.095  0.   ]
 [ 0.095 -0.079  0.   ]
 [ 0.     0.     0.063]]
----------------------------------------------------------------------------------------
   Cr1   Cr2   ( -1,  -1,   0)  5.0130   (-0.000, -3.808,  0.000)  3.808 
J_iso:  5.0130 
[Testing!] DMI: (-0.0180 -0.0010  0.0160)
[Testing!]J_ani:
[[-0.142  0.    -0.009]
 [ 0.     0.073 -0.   ]
 [-0.009 -0.     0.07 ]]
----------------------------------------------------------------------------------------
   Cr2   Cr1   (  1,   1,   0)  5.0130   ( 0.000,  3.808, -0.000)  3.808 
J_iso:  5.0130 
[Testing!] DMI: ( 0.0180  0.0010 -0.0160)
[Testing!]J_ani:
[[-0.142  0.    -0.009]
 [ 0.     0.073 -0.   ]
 [-0.009 -0.     0.07 ]]
----------------------------------------------------------------------------------------
   Cr1   Cr2   ( -1,   0,   0)  5.1733   (-3.298,  1.904,  0.000)  3.808 
J_iso:  5.1733 
[Testing!] DMI: (-0.0067  0.0134  0.0217)
[Testing!]J_ani:
[[ 0.016 -0.095 -0.001]
 [-0.095 -0.08   0.001]
 [-0.001  0.001  0.064]]
----------------------------------------------------------------------------------------
   Cr2   Cr1   (  1,   0,   0)  5.1733   ( 3.298, -1.904, -0.000)  3.808 
J_iso:  5.1733 
[Testing!] DMI: ( 0.0067 -0.0134 -0.0217)
[Testing!]J_ani:
[[ 0.016 -0.095 -0.001]
 [-0.095 -0.08   0.001]
 [-0.001  0.001  0.064]]
----------------------------------------------------------------------------------------
   Cr1   Cr1   ( -1,   0,   0)  0.4079   (-6.596,  0.000,  0.000)  6.596 
J_iso:  0.4079 
[Testing!] DMI: (-0.0365  0.0047 -0.0038)
[Testing!]J_ani:
[[ 0.008  0.    -0.006]
 [ 0.     0.    -0.001]
 [-0.006 -0.001 -0.008]]
----------------------------------------------------------------------------------------
   Cr2   Cr2   ( -1,   0,   0)  0.4092   (-6.596,  0.000,  0.000)  6.596 
J_iso:  0.4092 
[Testing!] DMI: ( 0.0375  0.0043  0.0041)
[Testing!]J_ani:
[[ 0.008 -0.    -0.006]
 [-0.     0.     0.   ]
 [-0.006  0.    -0.008]]
----------------------------------------------------------------------------------------
   Cr1   Cr1   (  1,   0,   0)  0.4079   ( 6.596, -0.000,  0.000)  6.596 
J_iso:  0.4079 
[Testing!] DMI: ( 0.0365 -0.0047  0.0038)
[Testing!]J_ani:
[[ 0.008  0.    -0.006]
 [ 0.     0.    -0.001]
 [-0.006 -0.001 -0.008]]
----------------------------------------------------------------------------------------
   Cr2   Cr2   (  1,   0,   0)  0.4092   ( 6.596, -0.000,  0.000)  6.596 
J_iso:  0.4092 
[Testing!] DMI: (-0.0375 -0.0043 -0.0041)
[Testing!]J_ani:
[[ 0.008 -0.    -0.006]
 [-0.     0.     0.   ]
 [-0.006  0.    -0.008]]
----------------------------------------------------------------------------------------
   Cr2   Cr2   (  1,   1,   0)  0.3806   ( 3.298,  5.712,  0.000)  6.596 
J_iso:  0.3806 
[Testing!] DMI: (-0.0204 -0.0265 -0.0004)
[Testing!]J_ani:
[[ 0.002  0.001  0.004]
 [ 0.001  0.005  0.004]
 [ 0.004  0.004 -0.007]]
----------------------------------------------------------------------------------------
   Cr1   Cr1   ( -1,  -1,   0)  0.3813   (-3.298, -5.712,  0.000)  6.596 
J_iso:  0.3813 
[Testing!] DMI: (-0.0190 -0.0231  0.0018)
[Testing!]J_ani:
[[ 0.002  0.001  0.003]
 [ 0.001  0.006  0.005]
 [ 0.003  0.005 -0.008]]
----------------------------------------------------------------------------------------
   Cr2   Cr2   ( -1,  -1,   0)  0.3806   (-3.298, -5.712,  0.000)  6.596 
J_iso:  0.3806 
[Testing!] DMI: ( 0.0204  0.0265  0.0004)
[Testing!]J_ani:
[[ 0.002  0.001  0.004]
 [ 0.001  0.005  0.004]
 [ 0.004  0.004 -0.007]]
----------------------------------------------------------------------------------------
   Cr1   Cr1   (  1,   1,   0)  0.3813   ( 3.298,  5.712,  0.000)  6.596 
J_iso:  0.3813 
[Testing!] DMI: ( 0.0190  0.0231 -0.0018)
[Testing!]J_ani:
[[ 0.002  0.001  0.003]
 [ 0.001  0.006  0.005]
 [ 0.003  0.005 -0.008]]
----------------------------------------------------------------------------------------
   Cr2   Cr2   (  0,  -1,   0)  0.3826   ( 3.298, -5.712,  0.000)  6.596 
J_iso:  0.3826 
[Testing!] DMI: (-0.0186  0.0252  0.0025)
[Testing!]J_ani:
[[ 0.002 -0.001  0.003]
 [-0.001  0.005 -0.005]
 [ 0.003 -0.005 -0.008]]
----------------------------------------------------------------------------------------
   Cr1   Cr1   (  0,  -1,   0)  0.3796   ( 3.298, -5.712,  0.000)  6.596 
J_iso:  0.3796 
[Testing!] DMI: ( 0.0202 -0.0248 -0.0024)
[Testing!]J_ani:
[[ 0.002 -0.002  0.004]
 [-0.002  0.005 -0.005]
 [ 0.004 -0.005 -0.007]]
----------------------------------------------------------------------------------------
   Cr1   Cr1   (  0,   1,   0)  0.3796   (-3.298,  5.712,  0.000)  6.596 
J_iso:  0.3796 
[Testing!] DMI: (-0.0202  0.0248  0.0024)
[Testing!]J_ani:
[[ 0.002 -0.002  0.004]
 [-0.002  0.005 -0.005]
 [ 0.004 -0.005 -0.007]]
----------------------------------------------------------------------------------------
   Cr2   Cr2   (  0,   1,   0)  0.3826   (-3.298,  5.712,  0.000)  6.596 
J_iso:  0.3826 
[Testing!] DMI: ( 0.0186 -0.0252 -0.0025)
[Testing!]J_ani:
[[ 0.002 -0.001  0.003]
 [-0.001  0.005 -0.005]
 [ 0.003 -0.005 -0.008]]
----------------------------------------------------------------------------------------
   Cr1   Cr2   (  0,  -1,   0) -1.0472   ( 6.596, -3.808,  0.000)  7.616 
J_iso: -1.0472 
[Testing!] DMI: ( 0.0130  0.0122 -0.0103)
[Testing!]J_ani:
[[ 0.013 -0.025  0.018]
 [-0.025 -0.014  0.026]
 [ 0.018  0.026  0.001]]
----------------------------------------------------------------------------------------
   Cr2   Cr1   (  0,   1,   0) -1.0472   (-6.596,  3.808, -0.000)  7.616 
J_iso: -1.0472 
[Testing!] DMI: (-0.0130 -0.0122  0.0103)
[Testing!]J_ani:
[[ 0.013 -0.025  0.018]
 [-0.025 -0.014  0.026]
 [ 0.018  0.026  0.001]]
----------------------------------------------------------------------------------------
   Cr1   Cr2   ( -2,  -1,   0) -1.0475   (-6.596, -3.808,  0.000)  7.616 
J_iso: -1.0475 
[Testing!] DMI: ( 0.0132 -0.0111 -0.0104)
[Testing!]J_ani:
[[ 0.013  0.025  0.018]
 [ 0.025 -0.014 -0.026]
 [ 0.018 -0.026  0.001]]
----------------------------------------------------------------------------------------
   Cr2   Cr1   (  2,   1,   0) -1.0475   ( 6.596,  3.808, -0.000)  7.616 
J_iso: -1.0475 
[Testing!] DMI: (-0.0132  0.0111  0.0104)
[Testing!]J_ani:
[[ 0.013  0.025  0.018]
 [ 0.025 -0.014 -0.026]
 [ 0.018 -0.026  0.001]]
----------------------------------------------------------------------------------------
   Cr2   Cr1   (  0,  -1,   0) -1.1933   ( 0.000, -7.616, -0.000)  7.616 
J_iso: -1.1933 
[Testing!] DMI: ( 0.0270  0.0018  0.0219)
[Testing!]J_ani:
[[-0.034  0.    -0.031]
 [ 0.     0.035 -0.001]
 [-0.031 -0.001 -0.001]]
----------------------------------------------------------------------------------------
   Cr1   Cr2   (  0,   1,   0) -1.1933   (-0.000,  7.616,  0.000)  7.616 
J_iso: -1.1933 
[Testing!] DMI: (-0.0270 -0.0018 -0.0219)
[Testing!]J_ani:
[[-0.034  0.    -0.031]
 [ 0.     0.035 -0.001]
 [-0.031 -0.001 -0.001]]
