==========================================================================================
Information: 
Exchange parameters generated by TB2J 0.9.12.13
Generation time: 26/03/25 09:49:44
 Input from non-collinear Wannier90 data.
Tight binding data from ./.
Prefix of wannier function files:crsise3.
Warning: Please check if the noise level of Wannier function Hamiltonian to make sure it is much smaller than the exchange values.
The DMI component parallel to the spin orientation, the Jani which has the component of that orientation should be disregarded
e.g. if the spins are along z, the xz, yz, zz, zx, zy components and the z component of DMI.
If you need these component, try to do three calculations with spin along x, y, z,  or use structure with z rotated to x, y and z. And then use TB2J_merge.py to get the full set of parameters.

==========================================================================================
Cell (Angstrom):
6.43872743  -0.00000015  0.00000000
-3.21936384  5.57610258  0.00000000
0.00000000  0.00000000  25.00000000

==========================================================================================
Atoms:  
(Note: charge and magmoms only count the wannier functions.)
Atom_number        x             y             z       w_charge    M(x)      M(y)      M(z)   
Cr1             0.00000057   -0.00000036   12.49996562    4.3617   -0.0005    0.0001    3.7948
Cr2             3.21936439    1.85870037   12.50003521    4.3616   -0.0006    0.0003    3.7942
Si1             0.00000073    3.71740102   11.37332180    2.0395    0.0036   -0.0024    0.0168
Si2             0.00000037    3.71740161   13.62667620    2.0422   -0.0019    0.0064    0.0190
Se1             1.13060639    1.75963928   10.83801221    4.5348   -0.0065    0.0041   -0.2682
Se2             2.26077310    3.71721140   14.16198826    4.5303    0.0104   -0.0008   -0.2740
Se3             4.17795399    3.71714853   10.83801219    4.5347    0.0065    0.0011   -0.2686
Se4             4.34953283    0.09931275   10.83801208    4.5348   -0.0039   -0.0055   -0.2682
Se5             5.30817708    1.75960963   14.16198823    4.5302   -0.0056   -0.0103   -0.2743
Se6             2.08914255    0.09928075   14.16198819    4.5301   -0.0047    0.0073   -0.2739
Total                                                    40.0000   -0.0032    0.0004    5.9974

==========================================================================================
Exchange: 
    i      j          R        J_iso(meV)          vector          distance(A) 
----------------------------------------------------------------------------------------
   Cr1   Cr2   ( -1,   0,   0)  3.0986   (-3.219,  1.859,  0.000)  3.717 
J_iso:  3.0986 
[Testing!] DMI: ( 0.0039  0.0011  0.0037)
[Testing!]J_ani:
[[ 0.006 -0.081 -0.002]
 [-0.081 -0.065  0.013]
 [-0.002  0.013  0.058]]
----------------------------------------------------------------------------------------
   Cr2   Cr1   (  1,   0,   0)  3.0986   ( 3.219, -1.859, -0.000)  3.717 
J_iso:  3.0986 
[Testing!] DMI: (-0.0039 -0.0011 -0.0037)
[Testing!]J_ani:
[[ 0.006 -0.081 -0.002]
 [-0.081 -0.065  0.013]
 [-0.002  0.013  0.058]]
----------------------------------------------------------------------------------------
   Cr1   Cr2   (  0,   0,   0)  3.0987   ( 3.219,  1.859,  0.000)  3.717 
J_iso:  3.0987 
[Testing!] DMI: ( 0.0044 -0.0013  0.0052)
[Testing!]J_ani:
[[ 0.006  0.081 -0.003]
 [ 0.081 -0.064 -0.013]
 [-0.003 -0.013  0.058]]
----------------------------------------------------------------------------------------
   Cr2   Cr1   (  0,   0,   0)  3.0987   (-3.219, -1.859, -0.000)  3.717 
J_iso:  3.0987 
[Testing!] DMI: (-0.0044  0.0013 -0.0052)
[Testing!]J_ani:
[[ 0.006  0.081 -0.003]
 [ 0.081 -0.064 -0.013]
 [-0.003 -0.013  0.058]]
----------------------------------------------------------------------------------------
   Cr1   Cr2   ( -1,  -1,   0)  3.2167   ( 0.000, -3.717,  0.000)  3.717 
J_iso:  3.2167 
[Testing!] DMI: ( 0.0117  0.0017  0.0008)
[Testing!]J_ani:
[[-0.123 -0.    -0.003]
 [-0.     0.067 -0.   ]
 [-0.003 -0.     0.056]]
----------------------------------------------------------------------------------------
   Cr2   Cr1   (  1,   1,   0)  3.2167   (-0.000,  3.717, -0.000)  3.717 
J_iso:  3.2167 
[Testing!] DMI: (-0.0117 -0.0017 -0.0008)
[Testing!]J_ani:
[[-0.123 -0.    -0.003]
 [-0.     0.067 -0.   ]
 [-0.003 -0.     0.056]]
----------------------------------------------------------------------------------------
   Cr1   Cr1   ( -1,   0,   0)  0.2668   (-6.439,  0.000,  0.000)  6.439 
J_iso:  0.2668 
[Testing!] DMI: (-0.0187  0.0009 -0.0184)
[Testing!]J_ani:
[[ 0.006  0.    -0.004]
 [ 0.     0.001 -0.   ]
 [-0.004 -0.    -0.007]]
----------------------------------------------------------------------------------------
   Cr2   Cr2   ( -1,   0,   0)  0.2679   (-6.439,  0.000,  0.000)  6.439 
J_iso:  0.2679 
[Testing!] DMI: ( 0.0188  0.0009  0.0184)
[Testing!]J_ani:
[[ 0.006  0.    -0.004]
 [ 0.     0.001  0.   ]
 [-0.004  0.    -0.007]]
----------------------------------------------------------------------------------------
   Cr1   Cr1   (  1,   0,   0)  0.2668   ( 6.439, -0.000,  0.000)  6.439 
J_iso:  0.2668 
[Testing!] DMI: ( 0.0187 -0.0009  0.0184)
[Testing!]J_ani:
[[ 0.006  0.    -0.004]
 [ 0.     0.001 -0.   ]
 [-0.004 -0.    -0.007]]
----------------------------------------------------------------------------------------
   Cr2   Cr2   (  1,   0,   0)  0.2679   ( 6.439, -0.000,  0.000)  6.439 
J_iso:  0.2679 
[Testing!] DMI: (-0.0188 -0.0009 -0.0184)
[Testing!]J_ani:
[[ 0.006  0.    -0.004]
 [ 0.     0.001  0.   ]
 [-0.004  0.    -0.007]]
----------------------------------------------------------------------------------------
   Cr1   Cr1   ( -1,  -1,   0)  0.2819   (-3.219, -5.576,  0.000)  6.439 
J_iso:  0.2819 
[Testing!] DMI: (-0.0135 -0.0125  0.0157)
[Testing!]J_ani:
[[ 0.002  0.001  0.002]
 [ 0.001  0.006  0.004]
 [ 0.002  0.004 -0.008]]
----------------------------------------------------------------------------------------
   Cr2   Cr2   ( -1,  -1,   0)  0.2875   (-3.219, -5.576,  0.000)  6.439 
J_iso:  0.2875 
[Testing!] DMI: ( 0.0101  0.0132 -0.0155)
[Testing!]J_ani:
[[ 0.002  0.001  0.002]
 [ 0.001  0.006  0.004]
 [ 0.002  0.004 -0.008]]
----------------------------------------------------------------------------------------
   Cr1   Cr1   (  1,   1,   0)  0.2819   ( 3.219,  5.576,  0.000)  6.439 
J_iso:  0.2819 
[Testing!] DMI: ( 0.0135  0.0125 -0.0157)
[Testing!]J_ani:
[[ 0.002  0.001  0.002]
 [ 0.001  0.006  0.004]
 [ 0.002  0.004 -0.008]]
----------------------------------------------------------------------------------------
   Cr2   Cr2   (  1,   1,   0)  0.2875   ( 3.219,  5.576,  0.000)  6.439 
J_iso:  0.2875 
[Testing!] DMI: (-0.0101 -0.0132  0.0155)
[Testing!]J_ani:
[[ 0.002  0.001  0.002]
 [ 0.001  0.006  0.004]
 [ 0.002  0.004 -0.008]]
----------------------------------------------------------------------------------------
   Cr1   Cr1   (  0,  -1,   0)  0.2864   ( 3.219, -5.576,  0.000)  6.439 
J_iso:  0.2864 
[Testing!] DMI: ( 0.0114 -0.0131 -0.0160)
[Testing!]J_ani:
[[ 0.002 -0.001  0.002]
 [-0.001  0.006 -0.004]
 [ 0.002 -0.004 -0.008]]
----------------------------------------------------------------------------------------
   Cr2   Cr2   (  0,  -1,   0)  0.2828   ( 3.219, -5.576,  0.000)  6.439 
J_iso:  0.2828 
[Testing!] DMI: (-0.0132  0.0135  0.0153)
[Testing!]J_ani:
[[ 0.002 -0.002  0.002]
 [-0.002  0.006 -0.004]
 [ 0.002 -0.004 -0.008]]
----------------------------------------------------------------------------------------
   Cr1   Cr1   (  0,   1,   0)  0.2864   (-3.219,  5.576,  0.000)  6.439 
J_iso:  0.2864 
[Testing!] DMI: (-0.0114  0.0131  0.0160)
[Testing!]J_ani:
[[ 0.002 -0.001  0.002]
 [-0.001  0.006 -0.004]
 [ 0.002 -0.004 -0.008]]
----------------------------------------------------------------------------------------
   Cr2   Cr2   (  0,   1,   0)  0.2828   (-3.219,  5.576,  0.000)  6.439 
J_iso:  0.2828 
[Testing!] DMI: ( 0.0132 -0.0135 -0.0153)
[Testing!]J_ani:
[[ 0.002 -0.002  0.002]
 [-0.002  0.006 -0.004]
 [ 0.002 -0.004 -0.008]]
----------------------------------------------------------------------------------------
   Cr2   Cr1   (  2,   1,   0) -1.3134   ( 6.439,  3.717, -0.000)  7.435 
J_iso: -1.3134 
[Testing!] DMI: (-0.0060  0.0087  0.0058)
[Testing!]J_ani:
[[ 0.008  0.021  0.017]
 [ 0.021 -0.01  -0.033]
 [ 0.017 -0.033  0.002]]
----------------------------------------------------------------------------------------
   Cr1   Cr2   ( -2,  -1,   0) -1.3134   (-6.439, -3.717,  0.000)  7.435 
J_iso: -1.3134 
[Testing!] DMI: ( 0.0060 -0.0087 -0.0058)
[Testing!]J_ani:
[[ 0.008  0.021  0.017]
 [ 0.021 -0.01  -0.033]
 [ 0.017 -0.033  0.002]]
----------------------------------------------------------------------------------------
   Cr1   Cr2   (  0,  -1,   0) -1.3132   ( 6.439, -3.717,  0.000)  7.435 
J_iso: -1.3132 
[Testing!] DMI: ( 0.0062  0.0069 -0.0058)
[Testing!]J_ani:
[[ 0.008 -0.021  0.016]
 [-0.021 -0.01   0.033]
 [ 0.016  0.033  0.002]]
----------------------------------------------------------------------------------------
   Cr2   Cr1   (  0,   1,   0) -1.3132   (-6.439,  3.717, -0.000)  7.435 
J_iso: -1.3132 
[Testing!] DMI: (-0.0062 -0.0069  0.0058)
[Testing!]J_ani:
[[ 0.008 -0.021  0.016]
 [-0.021 -0.01   0.033]
 [ 0.016  0.033  0.002]]
----------------------------------------------------------------------------------------
   Cr2   Cr1   (  0,  -1,   0) -1.3464   ( 0.000, -7.435, -0.000)  7.435 
J_iso: -1.3464 
[Testing!] DMI: ( 0.0068 -0.0007  0.0054)
[Testing!]J_ani:
[[-0.03   0.    -0.022]
 [ 0.     0.033 -0.   ]
 [-0.022 -0.    -0.003]]
----------------------------------------------------------------------------------------
   Cr1   Cr2   (  0,   1,   0) -1.3464   (-0.000,  7.435,  0.000)  7.435 
J_iso: -1.3464 
[Testing!] DMI: (-0.0068  0.0007 -0.0054)
[Testing!]J_ani:
[[-0.03   0.    -0.022]
 [ 0.     0.033 -0.   ]
 [-0.022 -0.    -0.003]]
