==========================================================================================
Information: 
Exchange parameters generated by TB2J 0.9.12.13
Generation time: 26/04/29 15:44:32
 Input from non-collinear Wannier90 data.
Tight binding data from ./.
Prefix of wannier function files:crsise3.
Warning: Please check if the noise level of Wannier function Hamiltonian to make sure it is much smaller than the exchange values.
The DMI component parallel to the spin orientation, the Jani which has the component of that orientation should be disregarded
e.g. if the spins are along z, the xz, yz, zz, zx, zy components and the z component of DMI.
If you need these component, try to do three calculations with spin along x, y, z,  or use structure with z rotated to x, y and z. And then use TB2J_merge.py to get the full set of parameters.

==========================================================================================
Cell (Angstrom):
6.43872743  -0.00000015  0.00000000
-3.21936384  5.57610258  0.00000000
0.00000000  0.00000000  25.00000000

==========================================================================================
Atoms:  
(Note: charge and magmoms only count the wannier functions.)
Atom_number        x             y             z       w_charge    M(x)      M(y)      M(z)   
Cr1             0.00000057   -0.00000036   12.49996562    4.3611   -0.0018    0.0001    3.7933
Cr2             3.21936439    1.85870037   12.50003521    4.3621   -0.0013    0.0012    3.7934
Si1             0.00000073    3.71740102   11.37332180    2.0427   -0.0056    0.0051    0.0164
Si2             0.00000037    3.71740161   13.62667620    2.0423   -0.0040   -0.0029    0.0162
Se1             1.13060639    1.75963928   10.83801221    4.5316   -0.0062    0.0112   -0.2698
Se2             2.26077310    3.71721140   14.16198826    4.5322    0.0102   -0.0026   -0.2688
Se3             4.17795399    3.71714853   10.83801219    4.5318    0.0087    0.0004   -0.2695
Se4             4.34953283    0.09931275   10.83801208    4.5316   -0.0045   -0.0073   -0.2693
Se5             5.30817708    1.75960963   14.16198823    4.5323   -0.0073   -0.0128   -0.2692
Se6             2.08914255    0.09928075   14.16198819    4.5322   -0.0039    0.0092   -0.2690
Total                                                    40.0000   -0.0157    0.0015    6.0036

==========================================================================================
Exchange: 
    i      j          R        J_iso(meV)          vector          distance(A) 
----------------------------------------------------------------------------------------
   Cr1   Cr2   ( -1,   0,   0)  3.2634   (-3.219,  1.859,  0.000)  3.717 
J_iso:  3.2634 
[Testing!] DMI: ( 0.0031 -0.0031 -0.0005)
[Testing!]J_ani:
[[ 0.012 -0.079 -0.003]
 [-0.079 -0.058 -0.001]
 [-0.003 -0.001  0.046]]
----------------------------------------------------------------------------------------
   Cr2   Cr1   (  1,   0,   0)  3.2634   ( 3.219, -1.859, -0.000)  3.717 
J_iso:  3.2634 
[Testing!] DMI: (-0.0031  0.0031  0.0005)
[Testing!]J_ani:
[[ 0.012 -0.079 -0.003]
 [-0.079 -0.058 -0.001]
 [-0.003 -0.001  0.046]]
----------------------------------------------------------------------------------------
   Cr1   Cr2   (  0,   0,   0)  3.2627   ( 3.219,  1.859,  0.000)  3.717 
J_iso:  3.2627 
[Testing!] DMI: (-0.0035 -0.0038  0.0004)
[Testing!]J_ani:
[[ 0.012  0.079 -0.003]
 [ 0.079 -0.058  0.001]
 [-0.003  0.001  0.046]]
----------------------------------------------------------------------------------------
   Cr2   Cr1   (  0,   0,   0)  3.2627   (-3.219, -1.859, -0.000)  3.717 
J_iso:  3.2627 
[Testing!] DMI: ( 0.0035  0.0038 -0.0004)
[Testing!]J_ani:
[[ 0.012  0.079 -0.003]
 [ 0.079 -0.058  0.001]
 [-0.003  0.001  0.046]]
----------------------------------------------------------------------------------------
   Cr1   Cr2   ( -1,  -1,   0)  3.3156   ( 0.000, -3.717,  0.000)  3.717 
J_iso:  3.3156 
[Testing!] DMI: (-0.0006 -0.0037 -0.0003)
[Testing!]J_ani:
[[-0.122  0.    -0.001]
 [ 0.     0.066  0.   ]
 [-0.001  0.     0.056]]
----------------------------------------------------------------------------------------
   Cr2   Cr1   (  1,   1,   0)  3.3156   (-0.000,  3.717, -0.000)  3.717 
J_iso:  3.3156 
[Testing!] DMI: ( 0.0006  0.0037  0.0003)
[Testing!]J_ani:
[[-0.122  0.    -0.001]
 [ 0.     0.066  0.   ]
 [-0.001  0.     0.056]]
----------------------------------------------------------------------------------------
   Cr1   Cr1   ( -1,   0,   0)  0.3271   (-6.439,  0.000,  0.000)  6.439 
J_iso:  0.3271 
[Testing!] DMI: (-0.0177 -0.0003 -0.0160)
[Testing!]J_ani:
[[ 0.007 -0.    -0.004]
 [-0.     0.001  0.   ]
 [-0.004  0.    -0.009]]
----------------------------------------------------------------------------------------
   Cr2   Cr2   ( -1,   0,   0)  0.3277   (-6.439,  0.000,  0.000)  6.439 
J_iso:  0.3277 
[Testing!] DMI: ( 0.0199  0.0002  0.0156)
[Testing!]J_ani:
[[ 0.007  0.    -0.004]
 [ 0.     0.002  0.   ]
 [-0.004  0.    -0.009]]
----------------------------------------------------------------------------------------
   Cr1   Cr1   (  1,   0,   0)  0.3271   ( 6.439, -0.000,  0.000)  6.439 
J_iso:  0.3271 
[Testing!] DMI: ( 0.0177  0.0003  0.0160)
[Testing!]J_ani:
[[ 0.007 -0.    -0.004]
 [-0.     0.001  0.   ]
 [-0.004  0.    -0.009]]
----------------------------------------------------------------------------------------
   Cr2   Cr2   (  1,   0,   0)  0.3277   ( 6.439, -0.000,  0.000)  6.439 
J_iso:  0.3277 
[Testing!] DMI: (-0.0199 -0.0002 -0.0156)
[Testing!]J_ani:
[[ 0.007  0.    -0.004]
 [ 0.     0.002  0.   ]
 [-0.004  0.    -0.009]]
----------------------------------------------------------------------------------------
   Cr1   Cr1   ( -1,  -1,   0)  0.3552   (-3.219, -5.576,  0.000)  6.439 
J_iso:  0.3552 
[Testing!] DMI: (-0.0117 -0.0048  0.0117)
[Testing!]J_ani:
[[ 0.003  0.002  0.003]
 [ 0.002  0.006  0.003]
 [ 0.003  0.003 -0.009]]
----------------------------------------------------------------------------------------
   Cr2   Cr2   ( -1,  -1,   0)  0.3557   (-3.219, -5.576,  0.000)  6.439 
J_iso:  0.3557 
[Testing!] DMI: ( 0.0103  0.0048 -0.0107)
[Testing!]J_ani:
[[ 0.003  0.002  0.003]
 [ 0.002  0.006  0.003]
 [ 0.003  0.003 -0.009]]
----------------------------------------------------------------------------------------
   Cr1   Cr1   (  1,   1,   0)  0.3552   ( 3.219,  5.576,  0.000)  6.439 
J_iso:  0.3552 
[Testing!] DMI: ( 0.0117  0.0048 -0.0117)
[Testing!]J_ani:
[[ 0.003  0.002  0.003]
 [ 0.002  0.006  0.003]
 [ 0.003  0.003 -0.009]]
----------------------------------------------------------------------------------------
   Cr2   Cr2   (  1,   1,   0)  0.3557   ( 3.219,  5.576,  0.000)  6.439 
J_iso:  0.3557 
[Testing!] DMI: (-0.0103 -0.0048  0.0107)
[Testing!]J_ani:
[[ 0.003  0.002  0.003]
 [ 0.002  0.006  0.003]
 [ 0.003  0.003 -0.009]]
----------------------------------------------------------------------------------------
   Cr1   Cr1   (  0,  -1,   0)  0.3552   ( 3.219, -5.576,  0.000)  6.439 
J_iso:  0.3552 
[Testing!] DMI: ( 0.0105 -0.0039 -0.0112)
[Testing!]J_ani:
[[ 0.003 -0.002  0.002]
 [-0.002  0.006 -0.003]
 [ 0.002 -0.003 -0.009]]
----------------------------------------------------------------------------------------
   Cr2   Cr2   (  0,  -1,   0)  0.3558   ( 3.219, -5.576,  0.000)  6.439 
J_iso:  0.3558 
[Testing!] DMI: (-0.0103  0.0045  0.0103)
[Testing!]J_ani:
[[ 0.003 -0.002  0.002]
 [-0.002  0.006 -0.003]
 [ 0.002 -0.003 -0.009]]
----------------------------------------------------------------------------------------
   Cr1   Cr1   (  0,   1,   0)  0.3552   (-3.219,  5.576,  0.000)  6.439 
J_iso:  0.3552 
[Testing!] DMI: (-0.0105  0.0039  0.0112)
[Testing!]J_ani:
[[ 0.003 -0.002  0.002]
 [-0.002  0.006 -0.003]
 [ 0.002 -0.003 -0.009]]
----------------------------------------------------------------------------------------
   Cr2   Cr2   (  0,   1,   0)  0.3558   (-3.219,  5.576,  0.000)  6.439 
J_iso:  0.3558 
[Testing!] DMI: ( 0.0103 -0.0045 -0.0103)
[Testing!]J_ani:
[[ 0.003 -0.002  0.002]
 [-0.002  0.006 -0.003]
 [ 0.002 -0.003 -0.009]]
----------------------------------------------------------------------------------------
   Cr2   Cr1   (  2,   1,   0) -1.2077   ( 6.439,  3.717, -0.000)  7.435 
J_iso: -1.2077 
[Testing!] DMI: ( 0.0005  0.0009  0.0002)
[Testing!]J_ani:
[[ 0.01   0.02   0.018]
 [ 0.02  -0.008 -0.022]
 [ 0.018 -0.022 -0.002]]
----------------------------------------------------------------------------------------
   Cr1   Cr2   ( -2,  -1,   0) -1.2077   (-6.439, -3.717,  0.000)  7.435 
J_iso: -1.2077 
[Testing!] DMI: (-0.0005 -0.0009 -0.0002)
[Testing!]J_ani:
[[ 0.01   0.02   0.018]
 [ 0.02  -0.008 -0.022]
 [ 0.018 -0.022 -0.002]]
----------------------------------------------------------------------------------------
   Cr1   Cr2   (  0,  -1,   0) -1.2076   ( 6.439, -3.717,  0.000)  7.435 
J_iso: -1.2076 
[Testing!] DMI: (-0.0004 -0.0003 -0.0012)
[Testing!]J_ani:
[[ 0.01  -0.02   0.018]
 [-0.02  -0.008  0.022]
 [ 0.018  0.022 -0.002]]
----------------------------------------------------------------------------------------
   Cr2   Cr1   (  0,   1,   0) -1.2076   (-6.439,  3.717, -0.000)  7.435 
J_iso: -1.2076 
[Testing!] DMI: ( 0.0004  0.0003  0.0012)
[Testing!]J_ani:
[[ 0.01  -0.02   0.018]
 [-0.02  -0.008  0.022]
 [ 0.018  0.022 -0.002]]
----------------------------------------------------------------------------------------
   Cr2   Cr1   (  0,  -1,   0) -1.2762   ( 0.000, -7.435, -0.000)  7.435 
J_iso: -1.2762 
[Testing!] DMI: ( 0.0004 -0.0020  0.0002)
[Testing!]J_ani:
[[-0.027  0.    -0.024]
 [ 0.     0.03   0.   ]
 [-0.024  0.    -0.003]]
----------------------------------------------------------------------------------------
   Cr1   Cr2   (  0,   1,   0) -1.2762   (-0.000,  7.435,  0.000)  7.435 
J_iso: -1.2762 
[Testing!] DMI: (-0.0004  0.0020 -0.0002)
[Testing!]J_ani:
[[-0.027  0.    -0.024]
 [ 0.     0.03   0.   ]
 [-0.024  0.    -0.003]]
